goos: darwin
goarch: arm64
pkg: github.com/elastic/beats/v7/filebeat/input/filestream
cpu: Apple M1 Max
BenchmarkGzip/static-line/1.0_MB-10  	      80	  14729888 ns/op	 7043306 B/op	  150204 allocs/op
BenchmarkGzip/static-line/1.0_MB-10  	      74	  14936529 ns/op	 7043329 B/op	  150204 allocs/op
BenchmarkGzip/static-line/1.0_MB-10  	      80	  14800536 ns/op	 7043171 B/op	  150204 allocs/op
BenchmarkGzip/static-line/1.0_MB-10  	      80	  14774578 ns/op	 7043186 B/op	  150204 allocs/op
BenchmarkGzip/static-line/1.0_MB-10  	      81	  14818237 ns/op	 7043170 B/op	  150204 allocs/op
BenchmarkGzip/static-line/1.0_MB-10  	      80	  14781417 ns/op	 7043171 B/op	  150204 allocs/op
BenchmarkGzip/static-line/1.0_MB-10  	      81	  14745377 ns/op	 7043166 B/op	  150204 allocs/op
BenchmarkGzip/static-line/1.0_MB-10  	      79	  14776437 ns/op	 7043164 B/op	  150204 allocs/op
BenchmarkGzip/static-line/1.0_MB-10  	      81	  14796556 ns/op	 7043188 B/op	  150204 allocs/op
BenchmarkGzip/static-line/1.0_MB-10  	      81	  14788148 ns/op	 7043183 B/op	  150204 allocs/op
BenchmarkGzip/static-line/5.2_MB-10  	      15	  72814861 ns/op	35285664 B/op	  750813 allocs/op
BenchmarkGzip/static-line/5.2_MB-10  	      15	  72997997 ns/op	35285697 B/op	  750814 allocs/op
BenchmarkGzip/static-line/5.2_MB-10  	      15	  72939042 ns/op	35285689 B/op	  750813 allocs/op
BenchmarkGzip/static-line/5.2_MB-10  	      15	  73073828 ns/op	35285665 B/op	  750813 allocs/op
BenchmarkGzip/static-line/5.2_MB-10  	      15	  72817167 ns/op	35285740 B/op	  750814 allocs/op
BenchmarkGzip/static-line/5.2_MB-10  	      15	  73100011 ns/op	35285712 B/op	  750814 allocs/op
BenchmarkGzip/static-line/5.2_MB-10  	      15	  72946386 ns/op	35285753 B/op	  750814 allocs/op
BenchmarkGzip/static-line/5.2_MB-10  	      15	  72945158 ns/op	35285741 B/op	  750814 allocs/op
BenchmarkGzip/static-line/5.2_MB-10  	      15	  73152083 ns/op	35285677 B/op	  750813 allocs/op
BenchmarkGzip/static-line/5.2_MB-10  	      15	  72822428 ns/op	35285698 B/op	  750814 allocs/op
BenchmarkGzip/static-line/26_MB-10   	       3	 363193319 ns/op	177860165 B/op	 3754059 allocs/op
BenchmarkGzip/static-line/26_MB-10   	       3	 362947569 ns/op	177859850 B/op	 3754055 allocs/op
BenchmarkGzip/static-line/26_MB-10   	       3	 362581889 ns/op	177859658 B/op	 3754053 allocs/op
BenchmarkGzip/static-line/26_MB-10   	       3	 362025542 ns/op	177859813 B/op	 3754055 allocs/op
BenchmarkGzip/static-line/26_MB-10   	       3	 363021000 ns/op	177859706 B/op	 3754054 allocs/op
BenchmarkGzip/static-line/26_MB-10   	       3	 362199417 ns/op	177860266 B/op	 3754060 allocs/op
BenchmarkGzip/static-line/26_MB-10   	       3	 362660542 ns/op	177859690 B/op	 3754054 allocs/op
BenchmarkGzip/static-line/26_MB-10   	       3	 361424611 ns/op	177859626 B/op	 3754053 allocs/op
BenchmarkGzip/static-line/26_MB-10   	       3	 362390764 ns/op	177859728 B/op	 3754054 allocs/op
BenchmarkGzip/static-line/26_MB-10   	       3	 361467347 ns/op	177860016 B/op	 3754057 allocs/op
BenchmarkGzip/static-line/52_MB-10   	       2	 724741646 ns/op	357152760 B/op	 7508250 allocs/op
BenchmarkGzip/static-line/52_MB-10   	       2	 723723520 ns/op	357153432 B/op	 7508257 allocs/op
BenchmarkGzip/static-line/52_MB-10   	       2	 723232062 ns/op	357153000 B/op	 7508252 allocs/op
BenchmarkGzip/static-line/52_MB-10   	       2	 722075396 ns/op	357152976 B/op	 7508251 allocs/op
BenchmarkGzip/static-line/52_MB-10   	       2	 722113375 ns/op	357153096 B/op	 7508253 allocs/op
BenchmarkGzip/static-line/52_MB-10   	       2	 723437625 ns/op	357151760 B/op	 7508239 allocs/op
BenchmarkGzip/static-line/52_MB-10   	       2	 722668812 ns/op	357152096 B/op	 7508243 allocs/op
BenchmarkGzip/static-line/52_MB-10   	       2	 722905000 ns/op	357153144 B/op	 7508254 allocs/op
BenchmarkGzip/static-line/52_MB-10   	       2	 723689708 ns/op	357153056 B/op	 7508253 allocs/op
BenchmarkGzip/static-line/52_MB-10   	       2	 722283938 ns/op	357153456 B/op	 7508256 allocs/op
BenchmarkGzip/static-line/105_MB-10  	       1	1445928459 ns/op	715736232 B/op	15016654 allocs/op
BenchmarkGzip/static-line/105_MB-10  	       1	1446721792 ns/op	715736584 B/op	15016656 allocs/op
BenchmarkGzip/static-line/105_MB-10  	       1	1447822292 ns/op	715737784 B/op	15016670 allocs/op
BenchmarkGzip/static-line/105_MB-10  	       1	1451548083 ns/op	715738456 B/op	15016677 allocs/op
BenchmarkGzip/static-line/105_MB-10  	       1	1478452083 ns/op	715740280 B/op	15016696 allocs/op
BenchmarkGzip/static-line/105_MB-10  	       1	1469530959 ns/op	715737304 B/op	15016665 allocs/op
BenchmarkGzip/static-line/105_MB-10  	       1	1472564000 ns/op	715738552 B/op	15016678 allocs/op
BenchmarkGzip/static-line/105_MB-10  	       1	1456403958 ns/op	715738696 B/op	15016678 allocs/op
BenchmarkGzip/static-line/105_MB-10  	       1	1445475750 ns/op	715736632 B/op	15016658 allocs/op
BenchmarkGzip/static-line/105_MB-10  	       1	1445874250 ns/op	715737256 B/op	15016663 allocs/op
BenchmarkGzip/static-line/262_MB-10  	       1	3616675834 ns/op	1800218864 B/op	37543997 allocs/op
BenchmarkGzip/static-line/262_MB-10  	       1	3618013167 ns/op	1800217424 B/op	37543982 allocs/op
BenchmarkGzip/static-line/262_MB-10  	       1	3613785042 ns/op	1800217616 B/op	37543984 allocs/op
BenchmarkGzip/static-line/262_MB-10  	       1	3613869208 ns/op	1800217968 B/op	37543986 allocs/op
BenchmarkGzip/static-line/262_MB-10  	       1	3608353625 ns/op	1800218672 B/op	37543995 allocs/op
BenchmarkGzip/static-line/262_MB-10  	       1	3615753958 ns/op	1800217856 B/op	37543985 allocs/op
BenchmarkGzip/static-line/262_MB-10  	       1	3616759750 ns/op	1800216944 B/op	37543977 allocs/op
BenchmarkGzip/static-line/262_MB-10  	       1	3690132333 ns/op	1800221216 B/op	37544026 allocs/op
BenchmarkGzip/static-line/262_MB-10  	       1	3646990792 ns/op	1800218880 B/op	37543997 allocs/op
BenchmarkGzip/static-line/262_MB-10  	       1	3614083208 ns/op	1800213632 B/op	37543941 allocs/op
BenchmarkGzip/static-line/524_MB-10  	       1	7230062875 ns/op	3611865896 B/op	75090536 allocs/op
BenchmarkGzip/static-line/524_MB-10  	       1	7253560417 ns/op	3611864232 B/op	75090520 allocs/op
BenchmarkGzip/static-line/524_MB-10  	       1	7238066500 ns/op	3611866200 B/op	75090542 allocs/op
BenchmarkGzip/static-line/524_MB-10  	       1	7246401125 ns/op	3611865240 B/op	75090529 allocs/op
BenchmarkGzip/static-line/524_MB-10  	       1	7229662750 ns/op	3611857048 B/op	75090445 allocs/op
BenchmarkGzip/static-line/524_MB-10  	       1	7226772833 ns/op	3611863000 B/op	75090507 allocs/op
BenchmarkGzip/static-line/524_MB-10  	       1	7233631167 ns/op	3611864616 B/op	75090524 allocs/op
BenchmarkGzip/static-line/524_MB-10  	       1	7227619292 ns/op	3611865288 B/op	75090531 allocs/op
BenchmarkGzip/static-line/524_MB-10  	       1	7245732875 ns/op	3611862840 B/op	75090507 allocs/op
BenchmarkGzip/static-line/524_MB-10  	       1	7237774083 ns/op	3611856792 B/op	75090444 allocs/op
BenchmarkGzip/static-line/1.0_GB-10  	       1	14493834333 ns/op	7235150784 B/op	150183508 allocs/op
BenchmarkGzip/static-line/1.0_GB-10  	       1	14487530084 ns/op	7235157360 B/op	150183581 allocs/op
BenchmarkGzip/static-line/1.0_GB-10  	       1	14470533500 ns/op	7235157856 B/op	150183586 allocs/op
BenchmarkGzip/static-line/1.0_GB-10  	       1	14613722000 ns/op	7235158224 B/op	150183596 allocs/op
BenchmarkGzip/static-line/1.0_GB-10  	       1	14591394500 ns/op	7235160640 B/op	150183621 allocs/op
BenchmarkGzip/static-line/1.0_GB-10  	       1	14464514459 ns/op	7235154528 B/op	150183556 allocs/op
BenchmarkGzip/static-line/1.0_GB-10  	       1	14492094000 ns/op	7235152992 B/op	150183537 allocs/op
BenchmarkGzip/static-line/1.0_GB-10  	       1	14576413083 ns/op	7235158496 B/op	150183599 allocs/op
BenchmarkGzip/static-line/1.0_GB-10  	       1	14559584292 ns/op	7235166128 B/op	150183674 allocs/op
BenchmarkGzip/static-line/1.0_GB-10  	       1	14571519584 ns/op	7235162448 B/op	150183634 allocs/op
BenchmarkGzip/random-line/1.0_MB-10  	      91	  13002107 ns/op	 4262237 B/op	   58619 allocs/op
BenchmarkGzip/random-line/1.0_MB-10  	      91	  13022501 ns/op	 4262228 B/op	   58619 allocs/op
BenchmarkGzip/random-line/1.0_MB-10  	      92	  13009575 ns/op	 4262236 B/op	   58619 allocs/op
BenchmarkGzip/random-line/1.0_MB-10  	      91	  13024327 ns/op	 4262239 B/op	   58619 allocs/op
BenchmarkGzip/random-line/1.0_MB-10  	      92	  13017265 ns/op	 4262224 B/op	   58619 allocs/op
BenchmarkGzip/random-line/1.0_MB-10  	      92	  13011312 ns/op	 4262222 B/op	   58619 allocs/op
BenchmarkGzip/random-line/1.0_MB-10  	      91	  13017429 ns/op	 4262234 B/op	   58619 allocs/op
BenchmarkGzip/random-line/1.0_MB-10  	      92	  13006923 ns/op	 4262231 B/op	   58619 allocs/op
BenchmarkGzip/random-line/1.0_MB-10  	      92	  13081588 ns/op	 4262228 B/op	   58619 allocs/op
BenchmarkGzip/random-line/1.0_MB-10  	      91	  13121174 ns/op	 4262233 B/op	   58619 allocs/op
BenchmarkGzip/random-line/5.2_MB-10  	      18	  63914025 ns/op	21028377 B/op	  292796 allocs/op
BenchmarkGzip/random-line/5.2_MB-10  	      18	  64010995 ns/op	21028395 B/op	  292797 allocs/op
BenchmarkGzip/random-line/5.2_MB-10  	      18	  64105595 ns/op	21028409 B/op	  292797 allocs/op
BenchmarkGzip/random-line/5.2_MB-10  	      18	  64176164 ns/op	21028426 B/op	  292797 allocs/op
BenchmarkGzip/random-line/5.2_MB-10  	      18	  63951255 ns/op	21028372 B/op	  292796 allocs/op
BenchmarkGzip/random-line/5.2_MB-10  	      18	  63913130 ns/op	21028443 B/op	  292797 allocs/op
BenchmarkGzip/random-line/5.2_MB-10  	      18	  63963049 ns/op	21028371 B/op	  292796 allocs/op
BenchmarkGzip/random-line/5.2_MB-10  	      18	  63900965 ns/op	21028446 B/op	  292797 allocs/op
BenchmarkGzip/random-line/5.2_MB-10  	      18	  63877403 ns/op	21028425 B/op	  292797 allocs/op
BenchmarkGzip/random-line/5.2_MB-10  	      18	  63890958 ns/op	21028434 B/op	  292797 allocs/op
BenchmarkGzip/random-line/26_MB-10   	       4	 326835688 ns/op	105207144 B/op	 1463776 allocs/op
BenchmarkGzip/random-line/26_MB-10   	       4	 322185146 ns/op	105207464 B/op	 1463779 allocs/op
BenchmarkGzip/random-line/26_MB-10   	       4	 321168927 ns/op	105207096 B/op	 1463775 allocs/op
BenchmarkGzip/random-line/26_MB-10   	       4	 321419302 ns/op	105207648 B/op	 1463781 allocs/op
BenchmarkGzip/random-line/26_MB-10   	       4	 321431812 ns/op	105207100 B/op	 1463775 allocs/op
BenchmarkGzip/random-line/26_MB-10   	       4	 321130062 ns/op	105207260 B/op	 1463777 allocs/op
BenchmarkGzip/random-line/26_MB-10   	       4	 321066990 ns/op	105207504 B/op	 1463779 allocs/op
BenchmarkGzip/random-line/26_MB-10   	       4	 321190062 ns/op	105207384 B/op	 1463778 allocs/op
BenchmarkGzip/random-line/26_MB-10   	       4	 321522927 ns/op	105207196 B/op	 1463776 allocs/op
BenchmarkGzip/random-line/26_MB-10   	       4	 321035604 ns/op	105207076 B/op	 1463775 allocs/op
BenchmarkGzip/random-line/52_MB-10   	       2	 643574958 ns/op	210887176 B/op	 2927628 allocs/op
BenchmarkGzip/random-line/52_MB-10   	       2	 643328938 ns/op	210887440 B/op	 2927630 allocs/op
BenchmarkGzip/random-line/52_MB-10   	       2	 643431771 ns/op	210886696 B/op	 2927623 allocs/op
BenchmarkGzip/random-line/52_MB-10   	       2	 643445896 ns/op	210887176 B/op	 2927628 allocs/op
BenchmarkGzip/random-line/52_MB-10   	       2	 645074812 ns/op	210886936 B/op	 2927625 allocs/op
BenchmarkGzip/random-line/52_MB-10   	       2	 645847500 ns/op	210887320 B/op	 2927629 allocs/op
BenchmarkGzip/random-line/52_MB-10   	       2	 644080208 ns/op	210887248 B/op	 2927628 allocs/op
BenchmarkGzip/random-line/52_MB-10   	       2	 647828396 ns/op	210887224 B/op	 2927628 allocs/op
BenchmarkGzip/random-line/52_MB-10   	       2	 644467146 ns/op	210887032 B/op	 2927626 allocs/op
BenchmarkGzip/random-line/52_MB-10   	       2	 643647396 ns/op	210887176 B/op	 2927628 allocs/op
BenchmarkGzip/random-line/105_MB-10  	       1	1286879500 ns/op	422793248 B/op	 5855415 allocs/op
BenchmarkGzip/random-line/105_MB-10  	       1	1287103792 ns/op	422794288 B/op	 5855426 allocs/op
BenchmarkGzip/random-line/105_MB-10  	       1	1287382584 ns/op	422794000 B/op	 5855423 allocs/op
BenchmarkGzip/random-line/105_MB-10  	       1	1288113292 ns/op	422794672 B/op	 5855430 allocs/op
BenchmarkGzip/random-line/105_MB-10  	       1	1287247541 ns/op	422794288 B/op	 5855426 allocs/op
BenchmarkGzip/random-line/105_MB-10  	       1	1285914917 ns/op	422794576 B/op	 5855429 allocs/op
BenchmarkGzip/random-line/105_MB-10  	       1	1287366667 ns/op	422794960 B/op	 5855433 allocs/op
BenchmarkGzip/random-line/105_MB-10  	       1	1288303042 ns/op	422794768 B/op	 5855431 allocs/op
BenchmarkGzip/random-line/105_MB-10  	       1	1286533458 ns/op	422795248 B/op	 5855436 allocs/op
BenchmarkGzip/random-line/105_MB-10  	       1	1288886917 ns/op	422795248 B/op	 5855436 allocs/op
BenchmarkGzip/random-line/262_MB-10  	       1	3218411000 ns/op	1058510384 B/op	14638853 allocs/op
BenchmarkGzip/random-line/262_MB-10  	       1	3219338042 ns/op	1058510864 B/op	14638858 allocs/op
BenchmarkGzip/random-line/262_MB-10  	       1	3221438958 ns/op	1058510576 B/op	14638855 allocs/op
BenchmarkGzip/random-line/262_MB-10  	       1	3218982875 ns/op	1058509136 B/op	14638840 allocs/op
BenchmarkGzip/random-line/262_MB-10  	       1	3219704375 ns/op	1058510288 B/op	14638852 allocs/op
BenchmarkGzip/random-line/262_MB-10  	       1	3220671333 ns/op	1058509616 B/op	14638845 allocs/op
BenchmarkGzip/random-line/262_MB-10  	       1	3220505458 ns/op	1058510144 B/op	14638849 allocs/op
BenchmarkGzip/random-line/262_MB-10  	       1	3217060833 ns/op	1058509904 B/op	14638848 allocs/op
BenchmarkGzip/random-line/262_MB-10  	       1	3221287125 ns/op	1058509232 B/op	14638841 allocs/op
BenchmarkGzip/random-line/262_MB-10  	       1	3219768750 ns/op	1058510624 B/op	14638854 allocs/op
BenchmarkGzip/random-line/524_MB-10  	       1	6427231458 ns/op	2124308080 B/op	29279002 allocs/op
BenchmarkGzip/random-line/524_MB-10  	       1	6423423167 ns/op	2124309280 B/op	29279016 allocs/op
BenchmarkGzip/random-line/524_MB-10  	       1	6423273375 ns/op	2124309120 B/op	29279013 allocs/op
BenchmarkGzip/random-line/524_MB-10  	       1	6425959625 ns/op	2124308832 B/op	29279010 allocs/op
BenchmarkGzip/random-line/524_MB-10  	       1	6420208000 ns/op	2124309808 B/op	29279020 allocs/op
BenchmarkGzip/random-line/524_MB-10  	       1	6427532084 ns/op	2124307968 B/op	29279001 allocs/op
BenchmarkGzip/random-line/524_MB-10  	       1	6423558792 ns/op	2124308064 B/op	29279002 allocs/op
BenchmarkGzip/random-line/524_MB-10  	       1	6418181750 ns/op	2124307008 B/op	29278991 allocs/op
BenchmarkGzip/random-line/524_MB-10  	       1	6420053041 ns/op	2124305232 B/op	29278974 allocs/op
BenchmarkGzip/random-line/524_MB-10  	       1	6435926667 ns/op	2124307104 B/op	29278992 allocs/op
BenchmarkGzip/random-line/1.0_GB-10  	       1	12875916208 ns/op	4263384112 B/op	58560649 allocs/op
BenchmarkGzip/random-line/1.0_GB-10  	       1	12830571084 ns/op	4263387760 B/op	58560690 allocs/op
BenchmarkGzip/random-line/1.0_GB-10  	       1	12832356250 ns/op	4263376912 B/op	58560577 allocs/op
BenchmarkGzip/random-line/1.0_GB-10  	       1	12830545833 ns/op	4263386672 B/op	58560677 allocs/op
BenchmarkGzip/random-line/1.0_GB-10  	       1	13073027250 ns/op	4263387200 B/op	58560684 allocs/op
BenchmarkGzip/random-line/1.0_GB-10  	       1	13103952209 ns/op	4263389104 B/op	58560704 allocs/op
BenchmarkGzip/random-line/1.0_GB-10  	       1	13120141583 ns/op	4263391232 B/op	58560726 allocs/op
BenchmarkGzip/random-line/1.0_GB-10  	       1	13125795250 ns/op	4263387520 B/op	58560689 allocs/op
BenchmarkGzip/random-line/1.0_GB-10  	       1	13117050292 ns/op	4263392416 B/op	58560740 allocs/op
BenchmarkGzip/random-line/1.0_GB-10  	       1	13020225958 ns/op	4263388624 B/op	58560699 allocs/op
PASS
ok  	github.com/elastic/beats/v7/filebeat/input/filestream	1212.282s
