goos: darwin
goarch: arm64
pkg: github.com/elastic/beats/v7/filebeat/input/filestream
cpu: Apple M1 Max
BenchmarkGzip/static-line/1.0_MB-10  	      94	  12154500 ns/op	 6956338 B/op	  150173 allocs/op
BenchmarkGzip/static-line/1.0_MB-10  	      97	  12340168 ns/op	 6956352 B/op	  150173 allocs/op
BenchmarkGzip/static-line/1.0_MB-10  	      97	  12193341 ns/op	 6956288 B/op	  150173 allocs/op
BenchmarkGzip/static-line/1.0_MB-10  	      96	  12255799 ns/op	 6956299 B/op	  150173 allocs/op
BenchmarkGzip/static-line/1.0_MB-10  	      97	  12358144 ns/op	 6956277 B/op	  150173 allocs/op
BenchmarkGzip/static-line/1.0_MB-10  	      97	  12289761 ns/op	 6956284 B/op	  150173 allocs/op
BenchmarkGzip/static-line/1.0_MB-10  	      96	  12269043 ns/op	 6956303 B/op	  150173 allocs/op
BenchmarkGzip/static-line/1.0_MB-10  	      98	  12261883 ns/op	 6956287 B/op	  150173 allocs/op
BenchmarkGzip/static-line/1.0_MB-10  	      99	  12224223 ns/op	 6956282 B/op	  150173 allocs/op
BenchmarkGzip/static-line/1.0_MB-10  	      98	  12324082 ns/op	 6956296 B/op	  150173 allocs/op
BenchmarkGzip/static-line/5.2_MB-10  	      19	  60470129 ns/op	35199584 B/op	  750764 allocs/op
BenchmarkGzip/static-line/5.2_MB-10  	      19	  60063572 ns/op	35199493 B/op	  750763 allocs/op
BenchmarkGzip/static-line/5.2_MB-10  	      19	  60448303 ns/op	35199594 B/op	  750764 allocs/op
BenchmarkGzip/static-line/5.2_MB-10  	      19	  59906007 ns/op	35199509 B/op	  750764 allocs/op
BenchmarkGzip/static-line/5.2_MB-10  	      19	  60010564 ns/op	35199488 B/op	  750763 allocs/op
BenchmarkGzip/static-line/5.2_MB-10  	      19	  59944298 ns/op	35199567 B/op	  750764 allocs/op
BenchmarkGzip/static-line/5.2_MB-10  	      19	  59881493 ns/op	35199494 B/op	  750763 allocs/op
BenchmarkGzip/static-line/5.2_MB-10  	      19	  60033079 ns/op	35199472 B/op	  750763 allocs/op
BenchmarkGzip/static-line/5.2_MB-10  	      19	  60200474 ns/op	35199534 B/op	  750764 allocs/op
BenchmarkGzip/static-line/5.2_MB-10  	      19	  60251331 ns/op	35199504 B/op	  750763 allocs/op
BenchmarkGzip/static-line/26_MB-10   	       4	 299859667 ns/op	177770884 B/op	 3753957 allocs/op
BenchmarkGzip/static-line/26_MB-10   	       4	 300392948 ns/op	177771208 B/op	 3753960 allocs/op
BenchmarkGzip/static-line/26_MB-10   	       4	 299847021 ns/op	177771376 B/op	 3753961 allocs/op
BenchmarkGzip/static-line/26_MB-10   	       4	 300436916 ns/op	177771292 B/op	 3753961 allocs/op
BenchmarkGzip/static-line/26_MB-10   	       4	 300325958 ns/op	177771328 B/op	 3753961 allocs/op
BenchmarkGzip/static-line/26_MB-10   	       4	 300322708 ns/op	177770860 B/op	 3753956 allocs/op
BenchmarkGzip/static-line/26_MB-10   	       4	 300182479 ns/op	177771616 B/op	 3753964 allocs/op
BenchmarkGzip/static-line/26_MB-10   	       4	 299683823 ns/op	177771148 B/op	 3753959 allocs/op
BenchmarkGzip/static-line/26_MB-10   	       4	 299325312 ns/op	177771400 B/op	 3753962 allocs/op
BenchmarkGzip/static-line/26_MB-10   	       4	 299634854 ns/op	177771328 B/op	 3753961 allocs/op
BenchmarkGzip/static-line/52_MB-10   	       2	 597444792 ns/op	355659960 B/op	 7508148 allocs/op
BenchmarkGzip/static-line/52_MB-10   	       2	 598162667 ns/op	355660440 B/op	 7508153 allocs/op
BenchmarkGzip/static-line/52_MB-10   	       2	 598249750 ns/op	355659048 B/op	 7508139 allocs/op
BenchmarkGzip/static-line/52_MB-10   	       2	 598603062 ns/op	355660104 B/op	 7508150 allocs/op
BenchmarkGzip/static-line/52_MB-10   	       2	 598137666 ns/op	355660152 B/op	 7508150 allocs/op
BenchmarkGzip/static-line/52_MB-10   	       2	 598879458 ns/op	355660104 B/op	 7508150 allocs/op
BenchmarkGzip/static-line/52_MB-10   	       2	 597810812 ns/op	355659960 B/op	 7508148 allocs/op
BenchmarkGzip/static-line/52_MB-10   	       2	 597607500 ns/op	355660152 B/op	 7508150 allocs/op
BenchmarkGzip/static-line/52_MB-10   	       2	 597342562 ns/op	355660248 B/op	 7508151 allocs/op
BenchmarkGzip/static-line/52_MB-10   	       2	 597611084 ns/op	355660392 B/op	 7508153 allocs/op
BenchmarkGzip/static-line/105_MB-10  	       1	1199693084 ns/op	712842264 B/op	15016547 allocs/op
BenchmarkGzip/static-line/105_MB-10  	       1	1201442500 ns/op	712839096 B/op	15016514 allocs/op
BenchmarkGzip/static-line/105_MB-10  	       1	1198444750 ns/op	712840632 B/op	15016530 allocs/op
BenchmarkGzip/static-line/105_MB-10  	       1	1200589458 ns/op	712840344 B/op	15016527 allocs/op
BenchmarkGzip/static-line/105_MB-10  	       1	1197789250 ns/op	712840248 B/op	15016526 allocs/op
BenchmarkGzip/static-line/105_MB-10  	       1	1198706292 ns/op	712841208 B/op	15016536 allocs/op
BenchmarkGzip/static-line/105_MB-10  	       1	1198450208 ns/op	712839672 B/op	15016520 allocs/op
BenchmarkGzip/static-line/105_MB-10  	       1	1200287292 ns/op	712841496 B/op	15016539 allocs/op
BenchmarkGzip/static-line/105_MB-10  	       1	1198466542 ns/op	712840728 B/op	15016531 allocs/op
BenchmarkGzip/static-line/105_MB-10  	       1	1199425083 ns/op	712841784 B/op	15016542 allocs/op
BenchmarkGzip/static-line/262_MB-10  	       1	3011090750 ns/op	1799647792 B/op	37543781 allocs/op
BenchmarkGzip/static-line/262_MB-10  	       1	3010731125 ns/op	1799652112 B/op	37543826 allocs/op
BenchmarkGzip/static-line/262_MB-10  	       1	3004944042 ns/op	1799648848 B/op	37543792 allocs/op
BenchmarkGzip/static-line/262_MB-10  	       1	3005438625 ns/op	1799650192 B/op	37543806 allocs/op
BenchmarkGzip/static-line/262_MB-10  	       1	3012704791 ns/op	1799650384 B/op	37543808 allocs/op
BenchmarkGzip/static-line/262_MB-10  	       1	3008927292 ns/op	1799648320 B/op	37543788 allocs/op
BenchmarkGzip/static-line/262_MB-10  	       1	3010444042 ns/op	1799647984 B/op	37543786 allocs/op
BenchmarkGzip/static-line/262_MB-10  	       1	3012376542 ns/op	1799646064 B/op	37543766 allocs/op
BenchmarkGzip/static-line/262_MB-10  	       1	3007852875 ns/op	1799645392 B/op	37543759 allocs/op
BenchmarkGzip/static-line/262_MB-10  	       1	3008176500 ns/op	1799650192 B/op	37543806 allocs/op
BenchmarkGzip/static-line/524_MB-10  	       1	6133979500 ns/op	3611780232 B/op	75090387 allocs/op
BenchmarkGzip/static-line/524_MB-10  	       1	6165572833 ns/op	3611783400 B/op	75090420 allocs/op
BenchmarkGzip/static-line/524_MB-10  	       1	6164568000 ns/op	3611775672 B/op	75090338 allocs/op
BenchmarkGzip/static-line/524_MB-10  	       1	6160973250 ns/op	3611779080 B/op	75090375 allocs/op
BenchmarkGzip/static-line/524_MB-10  	       1	6173552333 ns/op	3611774616 B/op	75090330 allocs/op
BenchmarkGzip/static-line/524_MB-10  	       1	6163018875 ns/op	3611774760 B/op	75090330 allocs/op
BenchmarkGzip/static-line/524_MB-10  	       1	6168454917 ns/op	3611779176 B/op	75090376 allocs/op
BenchmarkGzip/static-line/524_MB-10  	       1	6155820250 ns/op	3611774424 B/op	75090328 allocs/op
BenchmarkGzip/static-line/524_MB-10  	       1	6156142541 ns/op	3611775048 B/op	75090333 allocs/op
BenchmarkGzip/static-line/524_MB-10  	       1	6156358708 ns/op	3611776200 B/op	75090345 allocs/op
BenchmarkGzip/static-line/1.0_GB-10  	       1	12074229792 ns/op	7235062176 B/op	150183265 allocs/op
BenchmarkGzip/static-line/1.0_GB-10  	       1	12176074417 ns/op	7235068608 B/op	150183341 allocs/op
BenchmarkGzip/static-line/1.0_GB-10  	       1	12056455375 ns/op	7235055024 B/op	150183192 allocs/op
BenchmarkGzip/static-line/1.0_GB-10  	       1	12045805833 ns/op	7235056368 B/op	150183206 allocs/op
BenchmarkGzip/static-line/1.0_GB-10  	       1	12057154250 ns/op	7235055936 B/op	150183203 allocs/op
BenchmarkGzip/static-line/1.0_GB-10  	       1	12050246792 ns/op	7235061312 B/op	150183256 allocs/op
BenchmarkGzip/static-line/1.0_GB-10  	       1	12052299417 ns/op	7235058192 B/op	150183225 allocs/op
BenchmarkGzip/static-line/1.0_GB-10  	       1	12043996208 ns/op	7235060976 B/op	150183251 allocs/op
BenchmarkGzip/static-line/1.0_GB-10  	       1	12047884125 ns/op	7235054688 B/op	150183190 allocs/op
BenchmarkGzip/static-line/1.0_GB-10  	       1	12053419917 ns/op	7235058336 B/op	150183228 allocs/op
BenchmarkGzip/random-line/1.0_MB-10  	     243	   4890378 ns/op	 4155180 B/op	   58585 allocs/op
BenchmarkGzip/random-line/1.0_MB-10  	     244	   4887025 ns/op	 4155183 B/op	   58585 allocs/op
BenchmarkGzip/random-line/1.0_MB-10  	     243	   4894869 ns/op	 4155180 B/op	   58585 allocs/op
BenchmarkGzip/random-line/1.0_MB-10  	     243	   4890534 ns/op	 4155182 B/op	   58585 allocs/op
BenchmarkGzip/random-line/1.0_MB-10  	     243	   4931099 ns/op	 4155184 B/op	   58585 allocs/op
BenchmarkGzip/random-line/1.0_MB-10  	     244	   4893987 ns/op	 4155185 B/op	   58585 allocs/op
BenchmarkGzip/random-line/1.0_MB-10  	     244	   4889625 ns/op	 4155188 B/op	   58585 allocs/op
BenchmarkGzip/random-line/1.0_MB-10  	     243	   4890390 ns/op	 4155183 B/op	   58585 allocs/op
BenchmarkGzip/random-line/1.0_MB-10  	     244	   4895556 ns/op	 4155186 B/op	   58585 allocs/op
BenchmarkGzip/random-line/1.0_MB-10  	     244	   4880850 ns/op	 4155170 B/op	   58585 allocs/op
BenchmarkGzip/random-line/5.2_MB-10  	      50	  23830786 ns/op	20901213 B/op	  292763 allocs/op
BenchmarkGzip/random-line/5.2_MB-10  	      50	  23847700 ns/op	20901176 B/op	  292762 allocs/op
BenchmarkGzip/random-line/5.2_MB-10  	      50	  23873462 ns/op	20901240 B/op	  292763 allocs/op
BenchmarkGzip/random-line/5.2_MB-10  	      50	  23821638 ns/op	20901238 B/op	  292763 allocs/op
BenchmarkGzip/random-line/5.2_MB-10  	      50	  23886369 ns/op	20901223 B/op	  292763 allocs/op
BenchmarkGzip/random-line/5.2_MB-10  	      49	  23858837 ns/op	20901173 B/op	  292762 allocs/op
BenchmarkGzip/random-line/5.2_MB-10  	      50	  23862815 ns/op	20901241 B/op	  292763 allocs/op
BenchmarkGzip/random-line/5.2_MB-10  	      50	  23898386 ns/op	20901247 B/op	  292763 allocs/op
BenchmarkGzip/random-line/5.2_MB-10  	      50	  23826028 ns/op	20901189 B/op	  292762 allocs/op
BenchmarkGzip/random-line/5.2_MB-10  	      50	  23871190 ns/op	20901245 B/op	  292763 allocs/op
BenchmarkGzip/random-line/26_MB-10   	       9	 119669917 ns/op	105121658 B/op	 1463743 allocs/op
BenchmarkGzip/random-line/26_MB-10   	       9	 119827528 ns/op	105121621 B/op	 1463743 allocs/op
BenchmarkGzip/random-line/26_MB-10   	       9	 119654009 ns/op	105121669 B/op	 1463743 allocs/op
BenchmarkGzip/random-line/26_MB-10   	       9	 119584139 ns/op	105121381 B/op	 1463740 allocs/op
BenchmarkGzip/random-line/26_MB-10   	       9	 119991616 ns/op	105121669 B/op	 1463744 allocs/op
BenchmarkGzip/random-line/26_MB-10   	       9	 119618954 ns/op	105121434 B/op	 1463741 allocs/op
BenchmarkGzip/random-line/26_MB-10   	       9	 119686468 ns/op	105121637 B/op	 1463743 allocs/op
BenchmarkGzip/random-line/26_MB-10   	       9	 119657273 ns/op	105121562 B/op	 1463742 allocs/op
BenchmarkGzip/random-line/26_MB-10   	       9	 119736736 ns/op	105121797 B/op	 1463745 allocs/op
BenchmarkGzip/random-line/26_MB-10   	       9	 119876227 ns/op	105121178 B/op	 1463739 allocs/op
BenchmarkGzip/random-line/52_MB-10   	       5	 240480683 ns/op	210799686 B/op	 2927579 allocs/op
BenchmarkGzip/random-line/52_MB-10   	       5	 240751333 ns/op	210799897 B/op	 2927582 allocs/op
BenchmarkGzip/random-line/52_MB-10   	       5	 240294792 ns/op	210799984 B/op	 2927582 allocs/op
BenchmarkGzip/random-line/52_MB-10   	       5	 240431550 ns/op	210799820 B/op	 2927581 allocs/op
BenchmarkGzip/random-line/52_MB-10   	       5	 240450475 ns/op	210799763 B/op	 2927580 allocs/op
BenchmarkGzip/random-line/52_MB-10   	       5	 240873517 ns/op	210799532 B/op	 2927578 allocs/op
BenchmarkGzip/random-line/52_MB-10   	       5	 240324833 ns/op	210799772 B/op	 2927580 allocs/op
BenchmarkGzip/random-line/52_MB-10   	       5	 240572058 ns/op	210799542 B/op	 2927578 allocs/op
BenchmarkGzip/random-line/52_MB-10   	       5	 240787917 ns/op	210800041 B/op	 2927583 allocs/op
BenchmarkGzip/random-line/52_MB-10   	       5	 240889783 ns/op	210800051 B/op	 2927583 allocs/op
BenchmarkGzip/random-line/105_MB-10  	       3	 481690917 ns/op	422709312 B/op	 5855400 allocs/op
BenchmarkGzip/random-line/105_MB-10  	       3	 481953875 ns/op	422708448 B/op	 5855391 allocs/op
BenchmarkGzip/random-line/105_MB-10  	       3	 481535250 ns/op	422707888 B/op	 5855385 allocs/op
BenchmarkGzip/random-line/105_MB-10  	       3	 480904361 ns/op	422708208 B/op	 5855388 allocs/op
BenchmarkGzip/random-line/105_MB-10  	       3	 481844430 ns/op	422707808 B/op	 5855384 allocs/op
BenchmarkGzip/random-line/105_MB-10  	       3	 480967958 ns/op	422708576 B/op	 5855392 allocs/op
BenchmarkGzip/random-line/105_MB-10  	       3	 480682417 ns/op	422707760 B/op	 5855383 allocs/op
BenchmarkGzip/random-line/105_MB-10  	       3	 481899542 ns/op	422707952 B/op	 5855386 allocs/op
BenchmarkGzip/random-line/105_MB-10  	       3	 481376472 ns/op	422707152 B/op	 5855378 allocs/op
BenchmarkGzip/random-line/105_MB-10  	       3	 480717903 ns/op	422708464 B/op	 5855391 allocs/op
BenchmarkGzip/random-line/262_MB-10  	       1	1203794917 ns/op	1058425808 B/op	14638821 allocs/op
BenchmarkGzip/random-line/262_MB-10  	       1	1202207625 ns/op	1058425424 B/op	14638817 allocs/op
BenchmarkGzip/random-line/262_MB-10  	       1	1203609167 ns/op	1058424560 B/op	14638808 allocs/op
BenchmarkGzip/random-line/262_MB-10  	       1	1206076833 ns/op	1058426864 B/op	14638835 allocs/op
BenchmarkGzip/random-line/262_MB-10  	       1	1204044042 ns/op	1058424512 B/op	14638809 allocs/op
BenchmarkGzip/random-line/262_MB-10  	       1	1204613500 ns/op	1058424272 B/op	14638808 allocs/op
BenchmarkGzip/random-line/262_MB-10  	       1	1201633208 ns/op	1058424224 B/op	14638806 allocs/op
BenchmarkGzip/random-line/262_MB-10  	       1	1203704875 ns/op	1058424368 B/op	14638806 allocs/op
BenchmarkGzip/random-line/262_MB-10  	       1	1203467125 ns/op	1058424464 B/op	14638807 allocs/op
BenchmarkGzip/random-line/262_MB-10  	       1	1203339584 ns/op	1058425424 B/op	14638817 allocs/op
BenchmarkGzip/random-line/524_MB-10  	       1	2410131083 ns/op	2124223952 B/op	29278973 allocs/op
BenchmarkGzip/random-line/524_MB-10  	       1	2411492958 ns/op	2124225872 B/op	29278996 allocs/op
BenchmarkGzip/random-line/524_MB-10  	       1	2408864750 ns/op	2124224576 B/op	29278984 allocs/op
BenchmarkGzip/random-line/524_MB-10  	       1	2407980625 ns/op	2124222224 B/op	29278958 allocs/op
BenchmarkGzip/random-line/524_MB-10  	       1	2413095000 ns/op	2124225056 B/op	29278986 allocs/op
BenchmarkGzip/random-line/524_MB-10  	       1	2413195416 ns/op	2124224336 B/op	29278980 allocs/op
BenchmarkGzip/random-line/524_MB-10  	       1	2407794000 ns/op	2124221024 B/op	29278944 allocs/op
BenchmarkGzip/random-line/524_MB-10  	       1	2411699375 ns/op	2124223568 B/op	29278972 allocs/op
BenchmarkGzip/random-line/524_MB-10  	       1	2409607042 ns/op	2124225728 B/op	29278993 allocs/op
BenchmarkGzip/random-line/524_MB-10  	       1	2411187000 ns/op	2124223952 B/op	29278976 allocs/op
BenchmarkGzip/random-line/1.0_GB-10  	       1	4841395250 ns/op	4263303120 B/op	58560635 allocs/op
BenchmarkGzip/random-line/1.0_GB-10  	       1	4824481500 ns/op	4263298608 B/op	58560588 allocs/op
BenchmarkGzip/random-line/1.0_GB-10  	       1	4833240917 ns/op	4263296112 B/op	58560565 allocs/op
BenchmarkGzip/random-line/1.0_GB-10  	       1	4829002125 ns/op	4263301152 B/op	58560616 allocs/op
BenchmarkGzip/random-line/1.0_GB-10  	       1	4825928292 ns/op	4263296688 B/op	58560571 allocs/op
BenchmarkGzip/random-line/1.0_GB-10  	       1	4827327417 ns/op	4263302688 B/op	58560632 allocs/op
BenchmarkGzip/random-line/1.0_GB-10  	       1	4824214375 ns/op	4263303216 B/op	58560633 allocs/op
BenchmarkGzip/random-line/1.0_GB-10  	       1	4832651125 ns/op	4263297072 B/op	58560575 allocs/op
BenchmarkGzip/random-line/1.0_GB-10  	       1	4827801250 ns/op	4263307968 B/op	58560687 allocs/op
BenchmarkGzip/random-line/1.0_GB-10  	       1	4831864958 ns/op	4263298272 B/op	58560583 allocs/op
PASS
ok  	github.com/elastic/beats/v7/filebeat/input/filestream	1032.288s
